<?xml version="1.0" encoding="UTF-8"?>
<testng-results ignored="0" total="4" passed="4" failed="0" skipped="0">
  <reporter-output>
  </reporter-output>
  <suite started-at="2024-03-28T21:29:09 IST" name="Default suite" finished-at="2024-03-28T21:29:10 IST" duration-ms="826">
    <groups>
      <group name="cucumber">
        <method signature="AbstractTestNGCucumberTests.runScenario(io.cucumber.testng.PickleWrapper,io.cucumber.testng.FeatureWrapper)[pri:0, instance:testRunners.TestNGRunnerTest@17fc391b]" name="runScenario" class="io.cucumber.testng.AbstractTestNGCucumberTests"/>
      </group> <!-- cucumber -->
    </groups>
    <test started-at="2024-03-28T21:29:09 IST" name="Default test" finished-at="2024-03-28T21:29:10 IST" duration-ms="826">
      <class name="testRunners.TestNGRunnerTest">
        <test-method is-config="true" signature="setUpClass(org.testng.ITestContext)[pri:0, instance:testRunners.TestNGRunnerTest@17fc391b]" started-at="2024-03-28T21:29:09 IST" name="setUpClass" finished-at="2024-03-28T21:29:10 IST" duration-ms="641" status="PASS">
          <params>
            <param index="0">
              <value>
                <![CDATA[org.testng.TestRunner@5f212d84]]>
              </value>
            </param>
          </params>
          <reporter-output>
          </reporter-output>
        </test-method> <!-- setUpClass -->
        <test-method is-config="true" signature="before()[pri:0, instance:testRunners.TestNGRunnerTest@17fc391b]" started-at="2024-03-28T21:29:10 IST" name="before" finished-at="2024-03-28T21:29:10 IST" duration-ms="0" status="PASS">
          <reporter-output>
          </reporter-output>
        </test-method> <!-- before -->
        <test-method signature="runScenario(io.cucumber.testng.PickleWrapper,io.cucumber.testng.FeatureWrapper)[pri:0, instance:testRunners.TestNGRunnerTest@17fc391b]" started-at="2024-03-28T21:29:10 IST" name="runScenario" description="Runs Cucumber Scenarios" data-provider="scenarios" finished-at="2024-03-28T21:29:10 IST" duration-ms="75" status="PASS">
          <params>
            <param index="0">
              <value>
                <![CDATA["Add one quantity to the cart"]]>
              </value>
            </param>
            <param index="1">
              <value>
                <![CDATA["Add to cart"]]>
              </value>
            </param>
          </params>
          <reporter-output>
          </reporter-output>
        </test-method> <!-- runScenario -->
        <test-method signature="runScenario(io.cucumber.testng.PickleWrapper,io.cucumber.testng.FeatureWrapper)[pri:0, instance:testRunners.TestNGRunnerTest@17fc391b]" started-at="2024-03-28T21:29:10 IST" name="runScenario" description="Runs Cucumber Scenarios" data-provider="scenarios" finished-at="2024-03-28T21:29:10 IST" duration-ms="8" status="PASS">
          <params>
            <param index="0">
              <value>
                <![CDATA["Scenario 1"]]>
              </value>
            </param>
            <param index="1">
              <value>
                <![CDATA["Add to cart"]]>
              </value>
            </param>
          </params>
          <reporter-output>
          </reporter-output>
        </test-method> <!-- runScenario -->
        <test-method signature="runScenario(io.cucumber.testng.PickleWrapper,io.cucumber.testng.FeatureWrapper)[pri:0, instance:testRunners.TestNGRunnerTest@17fc391b]" started-at="2024-03-28T21:29:10 IST" name="runScenario" description="Runs Cucumber Scenarios" data-provider="scenarios" finished-at="2024-03-28T21:29:10 IST" duration-ms="5" status="PASS">
          <params>
            <param index="0">
              <value>
                <![CDATA["Scenario 2"]]>
              </value>
            </param>
            <param index="1">
              <value>
                <![CDATA["Add to cart"]]>
              </value>
            </param>
          </params>
          <reporter-output>
          </reporter-output>
        </test-method> <!-- runScenario -->
        <test-method signature="runScenario(io.cucumber.testng.PickleWrapper,io.cucumber.testng.FeatureWrapper)[pri:0, instance:testRunners.TestNGRunnerTest@17fc391b]" started-at="2024-03-28T21:29:10 IST" name="runScenario" description="Runs Cucumber Scenarios" data-provider="scenarios" finished-at="2024-03-28T21:29:10 IST" duration-ms="7" status="PASS">
          <params>
            <param index="0">
              <value>
                <![CDATA["Scenario 3"]]>
              </value>
            </param>
            <param index="1">
              <value>
                <![CDATA["Add to cart"]]>
              </value>
            </param>
          </params>
          <reporter-output>
          </reporter-output>
        </test-method> <!-- runScenario -->
        <test-method is-config="true" signature="after()[pri:0, instance:testRunners.TestNGRunnerTest@17fc391b]" started-at="2024-03-28T21:29:10 IST" name="after" finished-at="2024-03-28T21:29:10 IST" duration-ms="0" status="PASS">
          <reporter-output>
          </reporter-output>
        </test-method> <!-- after -->
        <test-method is-config="true" signature="tearDownClass()[pri:0, instance:testRunners.TestNGRunnerTest@17fc391b]" started-at="2024-03-28T21:29:10 IST" name="tearDownClass" finished-at="2024-03-28T21:29:10 IST" duration-ms="31" status="PASS">
          <reporter-output>
          </reporter-output>
        </test-method> <!-- tearDownClass -->
      </class> <!-- testRunners.TestNGRunnerTest -->
    </test> <!-- Default test -->
  </suite> <!-- Default suite -->
</testng-results>
